# JRE version: OpenJDK Runtime Environment (11.0.10) (build 11.0.10+0-b96-7249189)
# Java VM: OpenJDK 64-Bit Server VM (11.0.10+0-b96-7249189, mixed mode, tiered, compressed oops, g1 gc, windows-amd64)
Heap:
 garbage-first heap   total 260096K, used 117859K [0x00000000a0000000, 0x0000000100000000)
  region size 1024K, 39 young (39936K), 14 survivors (14336K)
 Metaspace       used 94417K, capacity 97664K, committed 97792K, reserved 1134592K
  class space    used 12321K, capacity 13497K, committed 13568K, reserved 1048576K
GC Heap History (20 events):
Event: 0.588 GC heap before
{Heap before GC invocations=0 (full 0):
 garbage-first heap   total 260096K, used 29696K [0x00000000a0000000, 0x0000000100000000)
  region size 1024K, 24 young (24576K), 0 survivors (0K)
 Metaspace       used 9803K, capacity 9990K, committed 10112K, reserved 1058816K
  class space    used 1021K, capacity 1102K, committed 1152K, reserved 1048576K
}
Event: 0.592 GC heap after
{Heap after GC invocations=1 (full 0):
 garbage-first heap   total 260096K, used 9261K [0x00000000a0000000, 0x0000000100000000)
  region size 1024K, 3 young (3072K), 3 survivors (3072K)
 Metaspace       used 9803K, capacity 9990K, committed 10112K, reserved 1058816K
  class space    used 1021K, capacity 1102K, committed 1152K, reserved 1048576K
}
Event: 1.998 GC heap before
{Heap before GC invocations=1 (full 0):
 garbage-first heap   total 260096K, used 104493K [0x00000000a0000000, 0x0000000100000000)
  region size 1024K, 97 young (99328K), 3 survivors (3072K)
 Metaspace       used 20581K, capacity 21094K, committed 21248K, reserved 1067008K
  class space    used 2516K, capacity 2701K, committed 2816K, reserved 1048576K
}
Event: 2.006 GC heap after
{Heap after GC invocations=2 (full 0):
 garbage-first heap   total 260096K, used 16938K [0x00000000a0000000, 0x0000000100000000)
  region size 1024K, 11 young (11264K), 11 survivors (11264K)
 Metaspace       used 20581K, capacity 21094K, committed 21248K, reserved 1067008K
  class space    used 2516K, capacity 2701K, committed 2816K, reserved 1048576K
}
Event: 2.487 GC heap before
{Heap before GC invocations=3 (full 0):
 garbage-first heap   total 260096K, used 74282K [0x00000000a0000000, 0x0000000100000000)
  region size 1024K, 65 young (66560K), 11 survivors (11264K)
 Metaspace       used 26104K, capacity 26798K, committed 27008K, reserved 1073152K
  class space    used 3414K, capacity 3648K, committed 3712K, reserved 1048576K
}
Event: 2.494 GC heap after
{Heap after GC invocations=4 (full 0):
 garbage-first heap   total 260096K, used 21291K [0x00000000a0000000, 0x0000000100000000)
  region size 1024K, 3 young (3072K), 3 survivors (3072K)
 Metaspace       used 26104K, capacity 26798K, committed 27008K, reserved 1073152K
  class space    used 3414K, capacity 3648K, committed 3712K, reserved 1048576K
}
Event: 3.237 GC heap before
{Heap before GC invocations=4 (full 0):
 garbage-first heap   total 260096K, used 92971K [0x00000000a0000000, 0x0000000100000000)
  region size 1024K, 66 young (67584K), 3 survivors (3072K)
 Metaspace       used 34811K, capacity 35703K, committed 35840K, reserved 1081344K
  class space    used 4527K, capacity 4869K, committed 4992K, reserved 1048576K
}
Event: 3.244 GC heap after
{Heap after GC invocations=5 (full 0):
 garbage-first heap   total 260096K, used 34203K [0x00000000a0000000, 0x0000000100000000)
  region size 1024K, 8 young (8192K), 8 survivors (8192K)
 Metaspace       used 34811K, capacity 35703K, committed 35840K, reserved 1081344K
  class space    used 4527K, capacity 4869K, committed 4992K, reserved 1048576K
}
Event: 4.212 GC heap before
{Heap before GC invocations=6 (full 0):
 garbage-first heap   total 260096K, used 149915K [0x00000000a0000000, 0x0000000100000000)
  region size 1024K, 110 young (112640K), 8 survivors (8192K)
 Metaspace       used 44209K, capacity 45452K, committed 45696K, reserved 1089536K
  class space    used 5561K, capacity 5977K, committed 6016K, reserved 1048576K
}
Event: 4.232 GC heap after
{Heap after GC invocations=7 (full 0):
 garbage-first heap   total 260096K, used 50877K [0x00000000a0000000, 0x0000000100000000)
  region size 1024K, 14 young (14336K), 14 survivors (14336K)
 Metaspace       used 44209K, capacity 45452K, committed 45696K, reserved 1089536K
  class space    used 5561K, capacity 5977K, committed 6016K, reserved 1048576K
}
Event: 5.413 GC heap before
{Heap before GC invocations=8 (full 0):
 garbage-first heap   total 260096K, used 185021K [0x00000000a0000000, 0x0000000100000000)
  region size 1024K, 141 young (144384K), 14 survivors (14336K)
 Metaspace       used 52249K, capacity 53862K, committed 54144K, reserved 1095680K
  class space    used 6692K, capacity 7213K, committed 7296K, reserved 1048576K
}
Event: 5.425 GC heap after
{Heap after GC invocations=9 (full 0):
 garbage-first heap   total 260096K, used 65718K [0x00000000a0000000, 0x0000000100000000)
  region size 1024K, 18 young (18432K), 18 survivors (18432K)
 Metaspace       used 52249K, capacity 53862K, committed 54144K, reserved 1095680K
  class space    used 6692K, capacity 7213K, committed 7296K, reserved 1048576K
}
Event: 6.523 GC heap before
{Heap before GC invocations=9 (full 0):
 garbage-first heap   total 260096K, used 185526K [0x00000000a0000000, 0x0000000100000000)
  region size 1024K, 135 young (138240K), 18 survivors (18432K)
 Metaspace       used 64824K, capacity 66765K, committed 66816K, reserved 1107968K
  class space    used 8279K, capacity 8920K, committed 8960K, reserved 1048576K
}
Event: 6.535 GC heap after
{Heap after GC invocations=10 (full 0):
 garbage-first heap   total 260096K, used 74706K [0x00000000a0000000, 0x0000000100000000)
  region size 1024K, 10 young (10240K), 10 survivors (10240K)
 Metaspace       used 64824K, capacity 66765K, committed 66816K, reserved 1107968K
  class space    used 8279K, capacity 8920K, committed 8960K, reserved 1048576K
}
Event: 7.478 GC heap before
{Heap before GC invocations=10 (full 0):
 garbage-first heap   total 260096K, used 171986K [0x00000000a0000000, 0x0000000100000000)
  region size 1024K, 106 young (108544K), 10 survivors (10240K)
 Metaspace       used 73989K, capacity 76042K, committed 76160K, reserved 1116160K
  class space    used 9633K, capacity 10296K, committed 10368K, reserved 1048576K
}
Event: 7.486 GC heap after
{Heap after GC invocations=11 (full 0):
 garbage-first heap   total 260096K, used 79294K [0x00000000a0000000, 0x0000000100000000)
  region size 1024K, 14 young (14336K), 14 survivors (14336K)
 Metaspace       used 73989K, capacity 76042K, committed 76160K, reserved 1116160K
  class space    used 9633K, capacity 10296K, committed 10368K, reserved 1048576K
}
Event: 8.584 GC heap before
{Heap before GC invocations=12 (full 0):
 garbage-first heap   total 260096K, used 199102K [0x00000000a0000000, 0x0000000100000000)
  region size 1024K, 130 young (133120K), 14 survivors (14336K)
 Metaspace       used 85315K, capacity 87587K, committed 87808K, reserved 1126400K
  class space    used 11011K, capacity 11753K, committed 11776K, reserved 1048576K
}
Event: 8.596 GC heap after
{Heap after GC invocations=13 (full 0):
 garbage-first heap   total 260096K, used 86906K [0x00000000a0000000, 0x0000000100000000)
  region size 1024K, 13 young (13312K), 13 survivors (13312K)
 Metaspace       used 85315K, capacity 87587K, committed 87808K, reserved 1126400K
  class space    used 11011K, capacity 11753K, committed 11776K, reserved 1048576K
}
Event: 9.601 GC heap before
{Heap before GC invocations=13 (full 0):
 garbage-first heap   total 260096K, used 201594K [0x00000000a0000000, 0x0000000100000000)
  region size 1024K, 126 young (129024K), 13 survivors (13312K)
 Metaspace       used 92765K, capacity 95768K, committed 96000K, reserved 1132544K
  class space    used 12107K, capacity 13221K, committed 13312K, reserved 1048576K
}
Event: 9.613 GC heap after
{Heap after GC invocations=14 (full 0):
 garbage-first heap   total 260096K, used 93283K [0x00000000a0000000, 0x0000000100000000)
  region size 1024K, 14 young (14336K), 14 survivors (14336K)
 Metaspace       used 92765K, capacity 95768K, committed 96000K, reserved 1132544K
  class space    used 12107K, capacity 13221K, committed 13312K, reserved 1048576K
}

