# JRE version: OpenJDK Runtime Environment (11.0.10) (build 11.0.10+0-b96-7249189)
# Java VM: OpenJDK 64-Bit Server VM (11.0.10+0-b96-7249189, mixed mode, tiered, compressed oops, g1 gc, windows-amd64)
Heap:
 garbage-first heap   total 624640K, used 181935K [0x00000000a0000000, 0x0000000100000000)
  region size 1024K, 28 young (28672K), 28 survivors (28672K)
 Metaspace       used 109407K, capacity 112393K, committed 115544K, reserved 1148928K
  class space    used 13803K, capacity 14922K, committed 16216K, reserved 1048576K
GC Heap History (20 events):
Event: 21.310 GC heap after
{Heap after GC invocations=33 (full 0):
 garbage-first heap   total 260096K, used 155536K [0x00000000a0000000, 0x0000000100000000)
  region size 1024K, 9 young (9216K), 9 survivors (9216K)
 Metaspace       used 108028K, capacity 111012K, committed 114264K, reserved 1146880K
  class space    used 13786K, capacity 14898K, committed 16216K, reserved 1048576K
}
Event: 21.315 GC heap before
{Heap before GC invocations=33 (full 0):
 garbage-first heap   total 260096K, used 158608K [0x00000000a0000000, 0x0000000100000000)
  region size 1024K, 12 young (12288K), 9 survivors (9216K)
 Metaspace       used 108028K, capacity 111012K, committed 114264K, reserved 1146880K
  class space    used 13786K, capacity 14898K, committed 16216K, reserved 1048576K
}
Event: 21.325 GC heap after
{Heap after GC invocations=34 (full 0):
 garbage-first heap   total 260096K, used 151273K [0x00000000a0000000, 0x0000000100000000)
  region size 1024K, 2 young (2048K), 2 survivors (2048K)
 Metaspace       used 108028K, capacity 111012K, committed 114264K, reserved 1146880K
  class space    used 13786K, capacity 14898K, committed 16216K, reserved 1048576K
}
Event: 21.400 GC heap before
{Heap before GC invocations=34 (full 0):
 garbage-first heap   total 260096K, used 214761K [0x00000000a0000000, 0x0000000100000000)
  region size 1024K, 64 young (65536K), 2 survivors (2048K)
 Metaspace       used 108054K, capacity 111047K, committed 114264K, reserved 1146880K
  class space    used 13792K, capacity 14910K, committed 16216K, reserved 1048576K
}
Event: 21.423 GC heap after
{Heap after GC invocations=35 (full 0):
 garbage-first heap   total 356352K, used 154402K [0x00000000a0000000, 0x0000000100000000)
  region size 1024K, 5 young (5120K), 5 survivors (5120K)
 Metaspace       used 108054K, capacity 111047K, committed 114264K, reserved 1146880K
  class space    used 13792K, capacity 14910K, committed 16216K, reserved 1048576K
}
Event: 21.688 GC heap before
{Heap before GC invocations=36 (full 0):
 garbage-first heap   total 356352K, used 274210K [0x00000000a0000000, 0x0000000100000000)
  region size 1024K, 123 young (125952K), 5 survivors (5120K)
 Metaspace       used 108116K, capacity 111112K, committed 114264K, reserved 1146880K
  class space    used 13792K, capacity 14910K, committed 16216K, reserved 1048576K
}
Event: 21.695 GC heap after
{Heap after GC invocations=37 (full 0):
 garbage-first heap   total 356352K, used 157039K [0x00000000a0000000, 0x0000000100000000)
  region size 1024K, 8 young (8192K), 8 survivors (8192K)
 Metaspace       used 108116K, capacity 111112K, committed 114264K, reserved 1146880K
  class space    used 13792K, capacity 14910K, committed 16216K, reserved 1048576K
}
Event: 21.707 GC heap before
{Heap before GC invocations=37 (full 0):
 garbage-first heap   total 356352K, used 166255K [0x00000000a0000000, 0x0000000100000000)
  region size 1024K, 17 young (17408K), 8 survivors (8192K)
 Metaspace       used 108116K, capacity 111112K, committed 114264K, reserved 1146880K
  class space    used 13792K, capacity 14910K, committed 16216K, reserved 1048576K
}
Event: 21.716 GC heap after
{Heap after GC invocations=38 (full 0):
 garbage-first heap   total 356352K, used 152663K [0x00000000a0000000, 0x0000000100000000)
  region size 1024K, 2 young (2048K), 2 survivors (2048K)
 Metaspace       used 108116K, capacity 111112K, committed 114264K, reserved 1146880K
  class space    used 13792K, capacity 14910K, committed 16216K, reserved 1048576K
}
Event: 21.888 GC heap before
{Heap before GC invocations=38 (full 0):
 garbage-first heap   total 356352K, used 280663K [0x00000000a0000000, 0x0000000100000000)
  region size 1024K, 127 young (130048K), 2 survivors (2048K)
 Metaspace       used 108168K, capacity 111118K, committed 114264K, reserved 1146880K
  class space    used 13793K, capacity 14911K, committed 16216K, reserved 1048576K
}
Event: 21.895 GC heap after
{Heap after GC invocations=39 (full 0):
 garbage-first heap   total 356352K, used 156518K [0x00000000a0000000, 0x0000000100000000)
  region size 1024K, 5 young (5120K), 5 survivors (5120K)
 Metaspace       used 108168K, capacity 111118K, committed 114264K, reserved 1146880K
  class space    used 13793K, capacity 14911K, committed 16216K, reserved 1048576K
}
Event: 22.078 GC heap before
{Heap before GC invocations=39 (full 0):
 garbage-first heap   total 356352K, used 287590K [0x00000000a0000000, 0x0000000100000000)
  region size 1024K, 133 young (136192K), 5 survivors (5120K)
 Metaspace       used 108376K, capacity 111329K, committed 114520K, reserved 1146880K
  class space    used 13796K, capacity 14915K, committed 16216K, reserved 1048576K
}
Event: 22.095 GC heap after
{Heap after GC invocations=40 (full 0):
 garbage-first heap   total 516096K, used 161191K [0x00000000a0000000, 0x0000000100000000)
  region size 1024K, 10 young (10240K), 10 survivors (10240K)
 Metaspace       used 108376K, capacity 111329K, committed 114520K, reserved 1146880K
  class space    used 13796K, capacity 14915K, committed 16216K, reserved 1048576K
}
Event: 22.314 GC heap before
{Heap before GC invocations=40 (full 0):
 garbage-first heap   total 516096K, used 334247K [0x00000000a0000000, 0x0000000100000000)
  region size 1024K, 180 young (184320K), 10 survivors (10240K)
 Metaspace       used 108398K, capacity 111337K, committed 114520K, reserved 1146880K
  class space    used 13798K, capacity 14918K, committed 16216K, reserved 1048576K
}
Event: 22.324 GC heap after
{Heap after GC invocations=41 (full 0):
 garbage-first heap   total 516096K, used 166058K [0x00000000a0000000, 0x0000000100000000)
  region size 1024K, 15 young (15360K), 15 survivors (15360K)
 Metaspace       used 108398K, capacity 111337K, committed 114520K, reserved 1146880K
  class space    used 13798K, capacity 14918K, committed 16216K, reserved 1048576K
}
Event: 22.652 GC heap before
{Heap before GC invocations=41 (full 0):
 garbage-first heap   total 516096K, used 424106K [0x00000000a0000000, 0x0000000100000000)
  region size 1024K, 267 young (273408K), 15 survivors (15360K)
 Metaspace       used 108599K, capacity 111549K, committed 114776K, reserved 1148928K
  class space    used 13802K, capacity 14921K, committed 16216K, reserved 1048576K
}
Event: 22.664 GC heap after
{Heap after GC invocations=42 (full 0):
 garbage-first heap   total 516096K, used 170799K [0x00000000a0000000, 0x0000000100000000)
  region size 1024K, 19 young (19456K), 19 survivors (19456K)
 Metaspace       used 108599K, capacity 111549K, committed 114776K, reserved 1148928K
  class space    used 13802K, capacity 14921K, committed 16216K, reserved 1048576K
}
Event: 22.992 GC heap before
{Heap before GC invocations=42 (full 0):
 garbage-first heap   total 516096K, used 422703K [0x00000000a0000000, 0x0000000100000000)
  region size 1024K, 266 young (272384K), 19 survivors (19456K)
 Metaspace       used 108970K, capacity 111891K, committed 115032K, reserved 1148928K
  class space    used 13803K, capacity 14922K, committed 16216K, reserved 1048576K
}
Event: 23.005 GC heap after
{Heap after GC invocations=43 (full 0):
 garbage-first heap   total 516096K, used 169357K [0x00000000a0000000, 0x0000000100000000)
  region size 1024K, 15 young (15360K), 15 survivors (15360K)
 Metaspace       used 108970K, capacity 111891K, committed 115032K, reserved 1148928K
  class space    used 13803K, capacity 14922K, committed 16216K, reserved 1048576K
}
Event: 23.387 GC heap before
{Heap before GC invocations=43 (full 0):
 garbage-first heap   total 516096K, used 430477K [0x00000000a0000000, 0x0000000100000000)
  region size 1024K, 271 young (277504K), 15 survivors (15360K)
 Metaspace       used 109407K, capacity 112393K, committed 115544K, reserved 1148928K
  class space    used 13803K, capacity 14922K, committed 16216K, reserved 1048576K
}

