# JRE version: OpenJDK Runtime Environment (11.0.10) (build 11.0.10+0-b96-7249189)
# Java VM: OpenJDK 64-Bit Server VM (11.0.10+0-b96-7249189, mixed mode, tiered, compressed oops, g1 gc, windows-amd64)
Heap:
 garbage-first heap   total 260096K, used 90602K [0x00000000a0000000, 0x0000000100000000)
  region size 1024K, 51 young (52224K), 3 survivors (3072K)
 Metaspace       used 63483K, capacity 65022K, committed 65232K, reserved 1105920K
  class space    used 8169K, capacity 8727K, committed 8832K, reserved 1048576K
GC Heap History (14 events):
Event: 0.718 GC heap before
{Heap before GC invocations=0 (full 0):
 garbage-first heap   total 260096K, used 29696K [0x00000000a0000000, 0x0000000100000000)
  region size 1024K, 24 young (24576K), 0 survivors (0K)
 Metaspace       used 10429K, capacity 10696K, committed 11008K, reserved 1058816K
  class space    used 1101K, capacity 1164K, committed 1280K, reserved 1048576K
}
Event: 0.722 GC heap after
{Heap after GC invocations=1 (full 0):
 garbage-first heap   total 260096K, used 8503K [0x00000000a0000000, 0x0000000100000000)
  region size 1024K, 3 young (3072K), 3 survivors (3072K)
 Metaspace       used 10429K, capacity 10696K, committed 11008K, reserved 1058816K
  class space    used 1101K, capacity 1164K, committed 1280K, reserved 1048576K
}
Event: 2.112 GC heap before
{Heap before GC invocations=1 (full 0):
 garbage-first heap   total 260096K, used 86327K [0x00000000a0000000, 0x0000000100000000)
  region size 1024K, 80 young (81920K), 3 survivors (3072K)
 Metaspace       used 20669K, capacity 21111K, committed 21296K, reserved 1069056K
  class space    used 2433K, capacity 2607K, committed 2688K, reserved 1048576K
}
Event: 2.123 GC heap after
{Heap after GC invocations=2 (full 0):
 garbage-first heap   total 260096K, used 15650K [0x00000000a0000000, 0x0000000100000000)
  region size 1024K, 10 young (10240K), 10 survivors (10240K)
 Metaspace       used 20669K, capacity 21111K, committed 21296K, reserved 1069056K
  class space    used 2433K, capacity 2607K, committed 2688K, reserved 1048576K
}
Event: 2.346 GC heap before
{Heap before GC invocations=3 (full 0):
 garbage-first heap   total 260096K, used 39202K [0x00000000a0000000, 0x0000000100000000)
  region size 1024K, 33 young (33792K), 10 survivors (10240K)
 Metaspace       used 23308K, capacity 23785K, committed 24112K, reserved 1071104K
  class space    used 2897K, capacity 3074K, committed 3200K, reserved 1048576K
}
Event: 2.350 GC heap after
{Heap after GC invocations=4 (full 0):
 garbage-first heap   total 260096K, used 17227K [0x00000000a0000000, 0x0000000100000000)
  region size 1024K, 2 young (2048K), 2 survivors (2048K)
 Metaspace       used 23308K, capacity 23785K, committed 24112K, reserved 1071104K
  class space    used 2897K, capacity 3074K, committed 3200K, reserved 1048576K
}
Event: 3.148 GC heap before
{Heap before GC invocations=4 (full 0):
 garbage-first heap   total 260096K, used 85835K [0x00000000a0000000, 0x0000000100000000)
  region size 1024K, 71 young (72704K), 2 survivors (2048K)
 Metaspace       used 35097K, capacity 35780K, committed 35920K, reserved 1081344K
  class space    used 4484K, capacity 4779K, committed 4864K, reserved 1048576K
}
Event: 3.155 GC heap after
{Heap after GC invocations=5 (full 0):
 garbage-first heap   total 260096K, used 21065K [0x00000000a0000000, 0x0000000100000000)
  region size 1024K, 6 young (6144K), 6 survivors (6144K)
 Metaspace       used 35097K, capacity 35780K, committed 35920K, reserved 1081344K
  class space    used 4484K, capacity 4779K, committed 4864K, reserved 1048576K
}
Event: 3.971 GC heap before
{Heap before GC invocations=6 (full 0):
 garbage-first heap   total 260096K, used 112201K [0x00000000a0000000, 0x0000000100000000)
  region size 1024K, 92 young (94208K), 6 survivors (6144K)
 Metaspace       used 42759K, capacity 43739K, committed 43856K, reserved 1087488K
  class space    used 5498K, capacity 5826K, committed 5888K, reserved 1048576K
}
Event: 3.977 GC heap after
{Heap after GC invocations=7 (full 0):
 garbage-first heap   total 260096K, used 25119K [0x00000000a0000000, 0x0000000100000000)
  region size 1024K, 10 young (10240K), 10 survivors (10240K)
 Metaspace       used 42759K, capacity 43739K, committed 43856K, reserved 1087488K
  class space    used 5498K, capacity 5826K, committed 5888K, reserved 1048576K
}
Event: 5.237 GC heap before
{Heap before GC invocations=7 (full 0):
 garbage-first heap   total 260096K, used 168479K [0x00000000a0000000, 0x0000000100000000)
  region size 1024K, 147 young (150528K), 10 survivors (10240K)
 Metaspace       used 56556K, capacity 57920K, committed 58192K, reserved 1099776K
  class space    used 7156K, capacity 7608K, committed 7680K, reserved 1048576K
}
Event: 5.249 GC heap after
{Heap after GC invocations=8 (full 0):
 garbage-first heap   total 260096K, used 40936K [0x00000000a0000000, 0x0000000100000000)
  region size 1024K, 19 young (19456K), 19 survivors (19456K)
 Metaspace       used 56556K, capacity 57920K, committed 58192K, reserved 1099776K
  class space    used 7156K, capacity 7608K, committed 7680K, reserved 1048576K
}
Event: 5.396 GC heap before
{Heap before GC invocations=8 (full 0):
 garbage-first heap   total 260096K, used 49128K [0x00000000a0000000, 0x0000000100000000)
  region size 1024K, 28 young (28672K), 19 survivors (19456K)
 Metaspace       used 58815K, capacity 60151K, committed 60240K, reserved 1101824K
  class space    used 7411K, capacity 7888K, committed 7936K, reserved 1048576K
}
Event: 5.413 GC heap after
{Heap after GC invocations=9 (full 0):
 garbage-first heap   total 260096K, used 42474K [0x00000000a0000000, 0x0000000100000000)
  region size 1024K, 3 young (3072K), 3 survivors (3072K)
 Metaspace       used 58815K, capacity 60151K, committed 60240K, reserved 1101824K
  class space    used 7411K, capacity 7888K, committed 7936K, reserved 1048576K
}

