# JRE version: OpenJDK Runtime Environment (11.0.10) (build 11.0.10+0-b96-7249189)
# Java VM: OpenJDK 64-Bit Server VM (11.0.10+0-b96-7249189, mixed mode, tiered, compressed oops, g1 gc, windows-amd64)
Heap:
 garbage-first heap   total 260096K, used 142163K [0x00000000a0000000, 0x0000000100000000)
  region size 1024K, 119 young (121856K), 19 survivors (19456K)
 Metaspace       used 68948K, capacity 70614K, committed 70864K, reserved 1110016K
  class space    used 8978K, capacity 9521K, committed 9600K, reserved 1048576K
GC Heap History (12 events):
Event: 0.698 GC heap before
{Heap before GC invocations=0 (full 0):
 garbage-first heap   total 260096K, used 29696K [0x00000000a0000000, 0x0000000100000000)
  region size 1024K, 24 young (24576K), 0 survivors (0K)
 Metaspace       used 10435K, capacity 10696K, committed 11008K, reserved 1058816K
  class space    used 1101K, capacity 1164K, committed 1280K, reserved 1048576K
}
Event: 0.701 GC heap after
{Heap after GC invocations=1 (full 0):
 garbage-first heap   total 260096K, used 8443K [0x00000000a0000000, 0x0000000100000000)
  region size 1024K, 3 young (3072K), 3 survivors (3072K)
 Metaspace       used 10435K, capacity 10696K, committed 11008K, reserved 1058816K
  class space    used 1101K, capacity 1164K, committed 1280K, reserved 1048576K
}
Event: 2.328 GC heap before
{Heap before GC invocations=1 (full 0):
 garbage-first heap   total 260096K, used 86267K [0x00000000a0000000, 0x0000000100000000)
  region size 1024K, 80 young (81920K), 3 survivors (3072K)
 Metaspace       used 20680K, capacity 21111K, committed 21296K, reserved 1069056K
  class space    used 2435K, capacity 2607K, committed 2688K, reserved 1048576K
}
Event: 2.339 GC heap after
{Heap after GC invocations=2 (full 0):
 garbage-first heap   total 260096K, used 15927K [0x00000000a0000000, 0x0000000100000000)
  region size 1024K, 11 young (11264K), 11 survivors (11264K)
 Metaspace       used 20680K, capacity 21111K, committed 21296K, reserved 1069056K
  class space    used 2435K, capacity 2607K, committed 2688K, reserved 1048576K
}
Event: 2.861 GC heap before
{Heap before GC invocations=3 (full 0):
 garbage-first heap   total 260096K, used 49719K [0x00000000a0000000, 0x0000000100000000)
  region size 1024K, 44 young (45056K), 11 survivors (11264K)
 Metaspace       used 24869K, capacity 25519K, committed 25648K, reserved 1071104K
  class space    used 3131K, capacity 3356K, committed 3456K, reserved 1048576K
}
Event: 2.867 GC heap after
{Heap after GC invocations=4 (full 0):
 garbage-first heap   total 260096K, used 17814K [0x00000000a0000000, 0x0000000100000000)
  region size 1024K, 2 young (2048K), 2 survivors (2048K)
 Metaspace       used 24869K, capacity 25519K, committed 25648K, reserved 1071104K
  class space    used 3131K, capacity 3356K, committed 3456K, reserved 1048576K
}
Event: 4.191 GC heap before
{Heap before GC invocations=4 (full 0):
 garbage-first heap   total 260096K, used 77206K [0x00000000a0000000, 0x0000000100000000)
  region size 1024K, 61 young (62464K), 2 survivors (2048K)
 Metaspace       used 35063K, capacity 35774K, committed 35920K, reserved 1081344K
  class space    used 4478K, capacity 4777K, committed 4864K, reserved 1048576K
}
Event: 4.200 GC heap after
{Heap after GC invocations=5 (full 0):
 garbage-first heap   total 260096K, used 21094K [0x00000000a0000000, 0x0000000100000000)
  region size 1024K, 6 young (6144K), 6 survivors (6144K)
 Metaspace       used 35063K, capacity 35774K, committed 35920K, reserved 1081344K
  class space    used 4478K, capacity 4777K, committed 4864K, reserved 1048576K
}
Event: 5.869 GC heap before
{Heap before GC invocations=6 (full 0):
 garbage-first heap   total 260096K, used 118374K [0x00000000a0000000, 0x0000000100000000)
  region size 1024K, 99 young (101376K), 6 survivors (6144K)
 Metaspace       used 43050K, capacity 44015K, committed 44112K, reserved 1087488K
  class space    used 5527K, capacity 5854K, committed 5888K, reserved 1048576K
}
Event: 5.876 GC heap after
{Heap after GC invocations=7 (full 0):
 garbage-first heap   total 260096K, used 25746K [0x00000000a0000000, 0x0000000100000000)
  region size 1024K, 10 young (10240K), 10 survivors (10240K)
 Metaspace       used 43050K, capacity 44015K, committed 44112K, reserved 1087488K
  class space    used 5527K, capacity 5854K, committed 5888K, reserved 1048576K
}
Event: 9.335 GC heap before
{Heap before GC invocations=7 (full 0):
 garbage-first heap   total 260096K, used 161938K [0x00000000a0000000, 0x0000000100000000)
  region size 1024K, 141 young (144384K), 10 survivors (10240K)
 Metaspace       used 58788K, capacity 60166K, committed 60240K, reserved 1101824K
  class space    used 7391K, capacity 7870K, committed 7936K, reserved 1048576K
}
Event: 9.357 GC heap after
{Heap after GC invocations=8 (full 0):
 garbage-first heap   total 260096K, used 40787K [0x00000000a0000000, 0x0000000100000000)
  region size 1024K, 19 young (19456K), 19 survivors (19456K)
 Metaspace       used 58788K, capacity 60166K, committed 60240K, reserved 1101824K
  class space    used 7391K, capacity 7870K, committed 7936K, reserved 1048576K
}

