# JRE version: OpenJDK Runtime Environment (11.0.10) (build 11.0.10+0-b96-7249189)
# Java VM: OpenJDK 64-Bit Server VM (11.0.10+0-b96-7249189, mixed mode, tiered, compressed oops, g1 gc, windows-amd64)
Heap:
 garbage-first heap   total 260096K, used 149710K [0x00000000a0000000, 0x0000000100000000)
  region size 1024K, 47 young (48128K), 6 survivors (6144K)
 Metaspace       used 111410K, capacity 114422K, committed 114496K, reserved 1148928K
  class space    used 13924K, capacity 15004K, committed 15052K, reserved 1048576K
GC Heap History (20 events):
Event: 86.120 GC heap before
{Heap before GC invocations=61 (full 0):
 garbage-first heap   total 260096K, used 221808K [0x00000000a0000000, 0x0000000100000000)
  region size 1024K, 134 young (137216K), 11 survivors (11264K)
 Metaspace       used 97021K, capacity 99727K, committed 99884K, reserved 1136640K
  class space    used 12242K, capacity 13111K, committed 13184K, reserved 1048576K
}
Event: 86.130 GC heap after
{Heap after GC invocations=62 (full 0):
 garbage-first heap   total 260096K, used 100987K [0x00000000a0000000, 0x0000000100000000)
  region size 1024K, 9 young (9216K), 9 survivors (9216K)
 Metaspace       used 97021K, capacity 99727K, committed 99884K, reserved 1136640K
  class space    used 12242K, capacity 13111K, committed 13184K, reserved 1048576K
}
Event: 86.707 GC heap before
{Heap before GC invocations=62 (full 0):
 garbage-first heap   total 260096K, used 215675K [0x00000000a0000000, 0x0000000100000000)
  region size 1024K, 123 young (125952K), 9 survivors (9216K)
 Metaspace       used 97508K, capacity 100269K, committed 100340K, reserved 1136640K
  class space    used 12268K, capacity 13184K, committed 13184K, reserved 1048576K
}
Event: 86.715 GC heap after
{Heap after GC invocations=63 (full 0):
 garbage-first heap   total 260096K, used 101050K [0x00000000a0000000, 0x0000000100000000)
  region size 1024K, 9 young (9216K), 9 survivors (9216K)
 Metaspace       used 97508K, capacity 100269K, committed 100340K, reserved 1136640K
  class space    used 12268K, capacity 13184K, committed 13184K, reserved 1048576K
}
Event: 98.655 GC heap before
{Heap before GC invocations=64 (full 0):
 garbage-first heap   total 260096K, used 220858K [0x00000000a0000000, 0x0000000100000000)
  region size 1024K, 126 young (129024K), 9 survivors (9216K)
 Metaspace       used 97952K, capacity 100580K, committed 100928K, reserved 1136640K
  class space    used 12295K, capacity 13135K, committed 13260K, reserved 1048576K
}
Event: 98.660 GC heap after
{Heap after GC invocations=65 (full 0):
 garbage-first heap   total 260096K, used 100811K [0x00000000a0000000, 0x0000000100000000)
  region size 1024K, 7 young (7168K), 7 survivors (7168K)
 Metaspace       used 97952K, capacity 100580K, committed 100928K, reserved 1136640K
  class space    used 12295K, capacity 13135K, committed 13260K, reserved 1048576K
}
Event: 105.806 GC heap before
{Heap before GC invocations=65 (full 0):
 garbage-first heap   total 260096K, used 222667K [0x00000000a0000000, 0x0000000100000000)
  region size 1024K, 126 young (129024K), 7 survivors (7168K)
 Metaspace       used 104085K, capacity 106863K, committed 106944K, reserved 1142784K
  class space    used 12993K, capacity 13886K, committed 13900K, reserved 1048576K
}
Event: 105.813 GC heap after
{Heap after GC invocations=66 (full 0):
 garbage-first heap   total 260096K, used 103987K [0x00000000a0000000, 0x0000000100000000)
  region size 1024K, 10 young (10240K), 10 survivors (10240K)
 Metaspace       used 104085K, capacity 106863K, committed 106944K, reserved 1142784K
  class space    used 12993K, capacity 13886K, committed 13900K, reserved 1048576K
}
Event: 107.384 GC heap before
{Heap before GC invocations=66 (full 0):
 garbage-first heap   total 260096K, used 222771K [0x00000000a0000000, 0x0000000100000000)
  region size 1024K, 126 young (129024K), 10 survivors (10240K)
 Metaspace       used 105538K, capacity 108382K, committed 108608K, reserved 1144832K
  class space    used 13215K, capacity 14171K, committed 14284K, reserved 1048576K
}
Event: 107.392 GC heap after
{Heap after GC invocations=67 (full 0):
 garbage-first heap   total 260096K, used 106780K [0x00000000a0000000, 0x0000000100000000)
  region size 1024K, 9 young (9216K), 9 survivors (9216K)
 Metaspace       used 105538K, capacity 108382K, committed 108608K, reserved 1144832K
  class space    used 13215K, capacity 14171K, committed 14284K, reserved 1048576K
}
Event: 111.974 GC heap before
{Heap before GC invocations=67 (full 0):
 garbage-first heap   total 260096K, used 220444K [0x00000000a0000000, 0x0000000100000000)
  region size 1024K, 121 young (123904K), 9 survivors (9216K)
 Metaspace       used 106423K, capacity 109296K, committed 109376K, reserved 1144832K
  class space    used 13287K, capacity 14231K, committed 14284K, reserved 1048576K
}
Event: 111.981 GC heap after
{Heap after GC invocations=68 (full 0):
 garbage-first heap   total 260096K, used 109850K [0x00000000a0000000, 0x0000000100000000)
  region size 1024K, 12 young (12288K), 12 survivors (12288K)
 Metaspace       used 106423K, capacity 109296K, committed 109376K, reserved 1144832K
  class space    used 13287K, capacity 14231K, committed 14284K, reserved 1048576K
}
Event: 112.410 GC heap before
{Heap before GC invocations=68 (full 0):
 garbage-first heap   total 260096K, used 220442K [0x00000000a0000000, 0x0000000100000000)
  region size 1024K, 119 young (121856K), 12 survivors (12288K)
 Metaspace       used 107078K, capacity 109925K, committed 110144K, reserved 1144832K
  class space    used 13333K, capacity 14267K, committed 14284K, reserved 1048576K
}
Event: 112.417 GC heap after
{Heap after GC invocations=69 (full 0):
 garbage-first heap   total 260096K, used 110754K [0x00000000a0000000, 0x0000000100000000)
  region size 1024K, 6 young (6144K), 6 survivors (6144K)
 Metaspace       used 107078K, capacity 109925K, committed 110144K, reserved 1144832K
  class space    used 13333K, capacity 14267K, committed 14284K, reserved 1048576K
}
Event: 112.991 GC heap before
{Heap before GC invocations=69 (full 0):
 garbage-first heap   total 260096K, used 225442K [0x00000000a0000000, 0x0000000100000000)
  region size 1024K, 116 young (118784K), 6 survivors (6144K)
 Metaspace       used 107308K, capacity 110213K, committed 110528K, reserved 1144832K
  class space    used 13353K, capacity 14299K, committed 14412K, reserved 1048576K
}
Event: 112.995 GC heap after
{Heap after GC invocations=70 (full 0):
 garbage-first heap   total 260096K, used 112602K [0x00000000a0000000, 0x0000000100000000)
  region size 1024K, 8 young (8192K), 8 survivors (8192K)
 Metaspace       used 107308K, capacity 110213K, committed 110528K, reserved 1144832K
  class space    used 13353K, capacity 14299K, committed 14412K, reserved 1048576K
}
Event: 113.439 GC heap before
{Heap before GC invocations=70 (full 0):
 garbage-first heap   total 260096K, used 223194K [0x00000000a0000000, 0x0000000100000000)
  region size 1024K, 116 young (118784K), 8 survivors (8192K)
 Metaspace       used 107342K, capacity 110213K, committed 110528K, reserved 1144832K
  class space    used 13353K, capacity 14299K, committed 14412K, reserved 1048576K
}
Event: 113.444 GC heap after
{Heap after GC invocations=71 (full 0):
 garbage-first heap   total 260096K, used 112806K [0x00000000a0000000, 0x0000000100000000)
  region size 1024K, 8 young (8192K), 8 survivors (8192K)
 Metaspace       used 107342K, capacity 110213K, committed 110528K, reserved 1144832K
  class space    used 13353K, capacity 14299K, committed 14412K, reserved 1048576K
}
Event: 114.232 GC heap before
{Heap before GC invocations=71 (full 0):
 garbage-first heap   total 260096K, used 224422K [0x00000000a0000000, 0x0000000100000000)
  region size 1024K, 117 young (119808K), 8 survivors (8192K)
 Metaspace       used 110694K, capacity 113767K, committed 113856K, reserved 1148928K
  class space    used 13837K, capacity 14920K, committed 14924K, reserved 1048576K
}
Event: 114.236 GC heap after
{Heap after GC invocations=72 (full 0):
 garbage-first heap   total 260096K, used 108750K [0x00000000a0000000, 0x0000000100000000)
  region size 1024K, 6 young (6144K), 6 survivors (6144K)
 Metaspace       used 110694K, capacity 113767K, committed 113856K, reserved 1148928K
  class space    used 13837K, capacity 14920K, committed 14924K, reserved 1048576K
}

